28
2560090 -4750643 -8369841
-4868226 32401 1919638
-9711499 4007995 -7922653
7946647 -7970881 2112718
-307564 -6834303 -1217906
-1633349 5532159 28704
-9808302 -7288451 -5557941
2931974 -3663694 6216076
6361448 4084256 -9621775
8013726 3325753 1825557
4368447 -4114156 7074913
5998605 1017618 -2892685
-2081757 1306118 -8884690
-4410 -747235 -6855571
-7891692 8945201 -3689874
890402 -2688147 -8157714
-9080893 -2496450 -5446166
-4638835 -9564475 890139
-8422759 6796972 -5025604
-8044534 4810698 8300148
3781022 -820854 -5814007
855936 -4822248 5203610
7963251 3095995 -3490272
9078561 -6908414 5762493
-7777010 -4800107 4707694
-1466884 6090295 -7980453
375401 7009401 -476903
4929234 -7629434 -41379
